# JRE version: Java(TM) SE Runtime Environment (8.0_111-b14) (build 1.8.0_111-b14)
# Java VM: Java HotSpot(TM) 64-Bit Server VM (25.111-b14 mixed mode windows-amd64 compressed oops)
Heap:
 PSYoungGen      total 321536K, used 141320K [0x00000000eb400000, 0x0000000100000000, 0x0000000100000000)
  eden space 304640K, 42% used [0x00000000eb400000,0x00000000f30fa278,0x00000000fdd80000)
  from space 16896K, 78% used [0x00000000fdd80000,0x00000000fea88000,0x00000000fee00000)
  to   space 16896K, 0% used [0x00000000fef80000,0x00000000fef80000,0x0000000100000000)
 ParOldGen       total 79872K, used 60616K [0x00000000c1c00000, 0x00000000c6a00000, 0x00000000eb400000)
  object space 79872K, 75% used [0x00000000c1c00000,0x00000000c5732250,0x00000000c6a00000)
 Metaspace       used 35573K, capacity 36030K, committed 36264K, reserved 1081344K
  class space    used 3313K, capacity 3495K, committed 3496K, reserved 1048576K
GC Heap History (10 events):
Event: 67.004 GC heap before
{Heap before GC invocations=42 (full 3):
 PSYoungGen      total 320512K, used 314304K [0x00000000eb400000, 0x00000000fff80000, 0x0000000100000000)
  eden space 301568K, 100% used [0x00000000eb400000,0x00000000fda80000,0x00000000fda80000)
  from space 18944K, 67% used [0x00000000fed00000,0x00000000ff970000,0x00000000fff80000)
  to   space 18944K, 0% used [0x00000000fda80000,0x00000000fda80000,0x00000000fed00000)
 ParOldGen       total 79872K, used 54784K [0x00000000c1c00000, 0x00000000c6a00000, 0x00000000eb400000)
  object space 79872K, 68% used [0x00000000c1c00000,0x00000000c5180250,0x00000000c6a00000)
 Metaspace       used 35573K, capacity 36030K, committed 36264K, reserved 1081344K
  class space    used 3313K, capacity 3495K, committed 3496K, reserved 1048576K
Event: 67.074 GC heap after
Heap after GC invocations=42 (full 3):
 PSYoungGen      total 320512K, used 12480K [0x00000000eb400000, 0x00000000fff00000, 0x0000000100000000)
  eden space 301568K, 0% used [0x00000000eb400000,0x00000000eb400000,0x00000000fda80000)
  from space 18944K, 65% used [0x00000000fda80000,0x00000000fe6b0000,0x00000000fed00000)
  to   space 18432K, 0% used [0x00000000fed00000,0x00000000fed00000,0x00000000fff00000)
 ParOldGen       total 79872K, used 56440K [0x00000000c1c00000, 0x00000000c6a00000, 0x00000000eb400000)
  object space 79872K, 70% used [0x00000000c1c00000,0x00000000c531e250,0x00000000c6a00000)
 Metaspace       used 35573K, capacity 36030K, committed 36264K, reserved 1081344K
  class space    used 3313K, capacity 3495K, committed 3496K, reserved 1048576K
}
Event: 67.490 GC heap before
{Heap before GC invocations=43 (full 3):
 PSYoungGen      total 320512K, used 314048K [0x00000000eb400000, 0x00000000fff00000, 0x0000000100000000)
  eden space 301568K, 100% used [0x00000000eb400000,0x00000000fda80000,0x00000000fda80000)
  from space 18944K, 65% used [0x00000000fda80000,0x00000000fe6b0000,0x00000000fed00000)
  to   space 18432K, 0% used [0x00000000fed00000,0x00000000fed00000,0x00000000fff00000)
 ParOldGen       total 79872K, used 56440K [0x00000000c1c00000, 0x00000000c6a00000, 0x00000000eb400000)
  object space 79872K, 70% used [0x00000000c1c00000,0x00000000c531e250,0x00000000c6a00000)
 Metaspace       used 35573K, capacity 36030K, committed 36264K, reserved 1081344K
  class space    used 3313K, capacity 3495K, committed 3496K, reserved 1048576K
Event: 67.565 GC heap after
Heap after GC invocations=43 (full 3):
 PSYoungGen      total 320512K, used 12096K [0x00000000eb400000, 0x00000000ffe80000, 0x0000000100000000)
  eden space 302592K, 0% used [0x00000000eb400000,0x00000000eb400000,0x00000000fdb80000)
  from space 17920K, 67% used [0x00000000fed00000,0x00000000ff8d0000,0x00000000ffe80000)
  to   space 17920K, 0% used [0x00000000fdb80000,0x00000000fdb80000,0x00000000fed00000)
 ParOldGen       total 79872K, used 57688K [0x00000000c1c00000, 0x00000000c6a00000, 0x00000000eb400000)
  object space 79872K, 72% used [0x00000000c1c00000,0x00000000c5456250,0x00000000c6a00000)
 Metaspace       used 35573K, capacity 36030K, committed 36264K, reserved 1081344K
  class space    used 3313K, capacity 3495K, committed 3496K, reserved 1048576K
}
Event: 68.039 GC heap before
{Heap before GC invocations=44 (full 3):
 PSYoungGen      total 320512K, used 314688K [0x00000000eb400000, 0x00000000ffe80000, 0x0000000100000000)
  eden space 302592K, 100% used [0x00000000eb400000,0x00000000fdb80000,0x00000000fdb80000)
  from space 17920K, 67% used [0x00000000fed00000,0x00000000ff8d0000,0x00000000ffe80000)
  to   space 17920K, 0% used [0x00000000fdb80000,0x00000000fdb80000,0x00000000fed00000)
 ParOldGen       total 79872K, used 57688K [0x00000000c1c00000, 0x00000000c6a00000, 0x00000000eb400000)
  object space 79872K, 72% used [0x00000000c1c00000,0x00000000c5456250,0x00000000c6a00000)
 Metaspace       used 35573K, capacity 36030K, committed 36264K, reserved 1081344K
  class space    used 3313K, capacity 3495K, committed 3496K, reserved 1048576K
Event: 68.124 GC heap after
Heap after GC invocations=44 (full 3):
 PSYoungGen      total 320512K, used 12384K [0x00000000eb400000, 0x00000000fff00000, 0x0000000100000000)
  eden space 302592K, 0% used [0x00000000eb400000,0x00000000eb400000,0x00000000fdb80000)
  from space 17920K, 69% used [0x00000000fdb80000,0x00000000fe798000,0x00000000fed00000)
  to   space 17408K, 0% used [0x00000000fee00000,0x00000000fee00000,0x00000000fff00000)
 ParOldGen       total 79872K, used 58632K [0x00000000c1c00000, 0x00000000c6a00000, 0x00000000eb400000)
  object space 79872K, 73% used [0x00000000c1c00000,0x00000000c5542250,0x00000000c6a00000)
 Metaspace       used 35573K, capacity 36030K, committed 36264K, reserved 1081344K
  class space    used 3313K, capacity 3495K, committed 3496K, reserved 1048576K
}
Event: 68.621 GC heap before
{Heap before GC invocations=45 (full 3):
 PSYoungGen      total 320512K, used 314976K [0x00000000eb400000, 0x00000000fff00000, 0x0000000100000000)
  eden space 302592K, 100% used [0x00000000eb400000,0x00000000fdb80000,0x00000000fdb80000)
  from space 17920K, 69% used [0x00000000fdb80000,0x00000000fe798000,0x00000000fed00000)
  to   space 17408K, 0% used [0x00000000fee00000,0x00000000fee00000,0x00000000fff00000)
 ParOldGen       total 79872K, used 58632K [0x00000000c1c00000, 0x00000000c6a00000, 0x00000000eb400000)
  object space 79872K, 73% used [0x00000000c1c00000,0x00000000c5542250,0x00000000c6a00000)
 Metaspace       used 35573K, capacity 36030K, committed 36264K, reserved 1081344K
  class space    used 3313K, capacity 3495K, committed 3496K, reserved 1048576K
Event: 68.705 GC heap after
Heap after GC invocations=45 (full 3):
 PSYoungGen      total 321536K, used 12352K [0x00000000eb400000, 0x00000000ffe80000, 0x0000000100000000)
  eden space 304640K, 0% used [0x00000000eb400000,0x00000000eb400000,0x00000000fdd80000)
  from space 16896K, 73% used [0x00000000fee00000,0x00000000ffa10000,0x00000000ffe80000)
  to   space 16896K, 0% used [0x00000000fdd80000,0x00000000fdd80000,0x00000000fee00000)
 ParOldGen       total 79872K, used 59576K [0x00000000c1c00000, 0x00000000c6a00000, 0x00000000eb400000)
  object space 79872K, 74% used [0x00000000c1c00000,0x00000000c562e250,0x00000000c6a00000)
 Metaspace       used 35573K, capacity 36030K, committed 36264K, reserved 1081344K
  class space    used 3313K, capacity 3495K, committed 3496K, reserved 1048576K
}
Event: 69.205 GC heap before
{Heap before GC invocations=46 (full 3):
 PSYoungGen      total 321536K, used 316992K [0x00000000eb400000, 0x00000000ffe80000, 0x0000000100000000)
  eden space 304640K, 100% used [0x00000000eb400000,0x00000000fdd80000,0x00000000fdd80000)
  from space 16896K, 73% used [0x00000000fee00000,0x00000000ffa10000,0x00000000ffe80000)
  to   space 16896K, 0% used [0x00000000fdd80000,0x00000000fdd80000,0x00000000fee00000)
 ParOldGen       total 79872K, used 59576K [0x00000000c1c00000, 0x00000000c6a00000, 0x00000000eb400000)
  object space 79872K, 74% used [0x00000000c1c00000,0x00000000c562e250,0x00000000c6a00000)
 Metaspace       used 35573K, capacity 36030K, committed 36264K, reserved 1081344K
  class space    used 3313K, capacity 3495K, committed 3496K, reserved 1048576K
Event: 69.293 GC heap after
Heap after GC invocations=46 (full 3):
 PSYoungGen      total 321536K, used 13344K [0x00000000eb400000, 0x0000000100000000, 0x0000000100000000)
  eden space 304640K, 0% used [0x00000000eb400000,0x00000000eb400000,0x00000000fdd80000)
  from space 16896K, 78% used [0x00000000fdd80000,0x00000000fea88000,0x00000000fee00000)
  to   space 16896K, 0% used [0x00000000fef80000,0x00000000fef80000,0x0000000100000000)
 ParOldGen       total 79872K, used 60616K [0x00000000c1c00000, 0x00000000c6a00000, 0x00000000eb400000)
  object space 79872K, 75% used [0x00000000c1c00000,0x00000000c5732250,0x00000000c6a00000)
 Metaspace       used 35573K, capacity 36030K, committed 36264K, reserved 1081344K
  class space    used 3313K, capacity 3495K, committed 3496K, reserved 1048576K
}

